     1 00000000                                 [FORMAT "WCOFF"]
     2 00000000                                 [INSTRSET "i486p"]
     3 00000000                                 [OPTIMIZE 1]
     4 00000000                                 [OPTION 1]
     5 00000000                                 [BITS 32]
     6 00000000                                 	EXTERN	_sprintf
     7 00000000                                 	EXTERN	_io_hlt
     8 00000000                                 	EXTERN	_io_load_eflags
     9 00000000                                 	EXTERN	_io_cli
    10 00000000                                 	EXTERN	_io_out8
    11 00000000                                 	EXTERN	_io_store_eflags
    12 00000000                                 	EXTERN	_hankaku
    13 00000000                                 	EXTERN	_load_gdtr
    14 00000000                                 	EXTERN	_load_idtr
    15 00000000                                 [FILE "bootpack.c"]
    16                                          [SECTION .data]
    17 00000000                                 LC0:
    18 00000000 25 64 2C 20 25 64 00            	DB	"%d, %d",0x00
    19                                          [SECTION .text]
    20 00000000                                 	GLOBAL	_HariMain
    21 00000000                                 _HariMain:
    22 00000000 55                              	PUSH	EBP
    23 00000001 89 E5                           	MOV	EBP,ESP
    24 00000003 57                              	PUSH	EDI
    25 00000004 56                              	PUSH	ESI
    26 00000005 53                              	PUSH	EBX
    27 00000006 8D 9D FFFFFEC4                  	LEA	EBX,DWORD [-316+EBP]
    28 0000000C 81 EC 00000130                  	SUB	ESP,304
    29 00000012 E8 0000009D                     	CALL	_init_palette
    30 00000017 0F BF 05 00000FF6               	MOVSX	EAX,WORD [4086]
    31 0000001E 50                              	PUSH	EAX
    32 0000001F 0F BF 05 00000FF4               	MOVSX	EAX,WORD [4084]
    33 00000026 50                              	PUSH	EAX
    34 00000027 FF 35 00000FF8                  	PUSH	DWORD [4088]
    35 0000002D E8 0000016E                     	CALL	_init_screen
    36 00000032 B9 00000002                     	MOV	ECX,2
    37 00000037 0F BF 05 00000FF4               	MOVSX	EAX,WORD [4084]
    38 0000003E 8D 50 F0                        	LEA	EDX,DWORD [-16+EAX]
    39 00000041 89 D0                           	MOV	EAX,EDX
    40 00000043 99                              	CDQ
    41 00000044 F7 F9                           	IDIV	ECX
    42 00000046 0F BF 15 00000FF6               	MOVSX	EDX,WORD [4086]
    43 0000004D 83 EA 2C                        	SUB	EDX,44
    44 00000050 89 C7                           	MOV	EDI,EAX
    45 00000052 89 D0                           	MOV	EAX,EDX
    46 00000054 6A 0E                           	PUSH	14
    47 00000056 99                              	CDQ
    48 00000057 F7 F9                           	IDIV	ECX
    49 00000059 53                              	PUSH	EBX
    50 0000005A 89 C6                           	MOV	ESI,EAX
    51 0000005C E8 0000039F                     	CALL	_init_mouse_cursor8
    52 00000061 6A 10                           	PUSH	16
    53 00000063 53                              	PUSH	EBX
    54 00000064 8D 5D C4                        	LEA	EBX,DWORD [-60+EBP]
    55 00000067 56                              	PUSH	ESI
    56 00000068 57                              	PUSH	EDI
    57 00000069 6A 10                           	PUSH	16
    58 0000006B 6A 10                           	PUSH	16
    59 0000006D 0F BF 05 00000FF4               	MOVSX	EAX,WORD [4084]
    60 00000074 50                              	PUSH	EAX
    61 00000075 FF 35 00000FF8                  	PUSH	DWORD [4088]
    62 0000007B E8 000003DD                     	CALL	_putblock8_8
    63 00000080 83 C4 34                        	ADD	ESP,52
    64 00000083 56                              	PUSH	ESI
    65 00000084 57                              	PUSH	EDI
    66 00000085 68 [00000000]                   	PUSH	LC0
    67 0000008A 53                              	PUSH	EBX
    68 0000008B E8 [00000000]                   	CALL	_sprintf
    69 00000090 53                              	PUSH	EBX
    70 00000091 6A 07                           	PUSH	7
    71 00000093 6A 00                           	PUSH	0
    72 00000095 6A 00                           	PUSH	0
    73 00000097 0F BF 05 00000FF4               	MOVSX	EAX,WORD [4084]
    74 0000009E 50                              	PUSH	EAX
    75 0000009F FF 35 00000FF8                  	PUSH	DWORD [4088]
    76 000000A5 E8 00000307                     	CALL	_putfont8_asc
    77 000000AA 83 C4 28                        	ADD	ESP,40
    78 000000AD                                 L2:
    79 000000AD E8 [00000000]                   	CALL	_io_hlt
    80 000000B2 EB F9                           	JMP	L2
    81                                          [SECTION .data]
    82 00000007                                 _table_rgb.0:
    83 00000007 00                              	DB	0
    84 00000008 00                              	DB	0
    85 00000009 00                              	DB	0
    86 0000000A FF                              	DB	-1
    87 0000000B 00                              	DB	0
    88 0000000C 00                              	DB	0
    89 0000000D 00                              	DB	0
    90 0000000E FF                              	DB	-1
    91 0000000F 00                              	DB	0
    92 00000010 FF                              	DB	-1
    93 00000011 FF                              	DB	-1
    94 00000012 00                              	DB	0
    95 00000013 00                              	DB	0
    96 00000014 00                              	DB	0
    97 00000015 FF                              	DB	-1
    98 00000016 FF                              	DB	-1
    99 00000017 00                              	DB	0
   100 00000018 FF                              	DB	-1
   101 00000019 00                              	DB	0
   102 0000001A FF                              	DB	-1
   103 0000001B FF                              	DB	-1
   104 0000001C FF                              	DB	-1
   105 0000001D FF                              	DB	-1
   106 0000001E FF                              	DB	-1
   107 0000001F C6                              	DB	-58
   108 00000020 C6                              	DB	-58
   109 00000021 C6                              	DB	-58
   110 00000022 84                              	DB	-124
   111 00000023 00                              	DB	0
   112 00000024 00                              	DB	0
   113 00000025 00                              	DB	0
   114 00000026 84                              	DB	-124
   115 00000027 00                              	DB	0
   116 00000028 84                              	DB	-124
   117 00000029 84                              	DB	-124
   118 0000002A 00                              	DB	0
   119 0000002B 00                              	DB	0
   120 0000002C 00                              	DB	0
   121 0000002D 84                              	DB	-124
   122 0000002E 84                              	DB	-124
   123 0000002F 00                              	DB	0
   124 00000030 84                              	DB	-124
   125 00000031 00                              	DB	0
   126 00000032 84                              	DB	-124
   127 00000033 84                              	DB	-124
   128 00000034 84                              	DB	-124
   129 00000035 84                              	DB	-124
   130 00000036 84                              	DB	-124
   131                                          [SECTION .text]
   132 000000B4                                 	GLOBAL	_init_palette
   133 000000B4                                 _init_palette:
   134 000000B4 55                              	PUSH	EBP
   135 000000B5 89 E5                           	MOV	EBP,ESP
   136 000000B7 68 [00000007]                   	PUSH	_table_rgb.0
   137 000000BC 6A 0F                           	PUSH	15
   138 000000BE 6A 00                           	PUSH	0
   139 000000C0 E8 00000002                     	CALL	_set_palette
   140 000000C5 C9                              	LEAVE
   141 000000C6 C3                              	RET
   142 000000C7                                 	GLOBAL	_set_palette
   143 000000C7                                 _set_palette:
   144 000000C7 55                              	PUSH	EBP
   145 000000C8 89 E5                           	MOV	EBP,ESP
   146 000000CA 57                              	PUSH	EDI
   147 000000CB 56                              	PUSH	ESI
   148 000000CC 53                              	PUSH	EBX
   149 000000CD 51                              	PUSH	ECX
   150 000000CE 8B 5D 08                        	MOV	EBX,DWORD [8+EBP]
   151 000000D1 8B 7D 0C                        	MOV	EDI,DWORD [12+EBP]
   152 000000D4 8B 75 10                        	MOV	ESI,DWORD [16+EBP]
   153 000000D7 E8 [00000000]                   	CALL	_io_load_eflags
   154 000000DC 89 45 F0                        	MOV	DWORD [-16+EBP],EAX
   155 000000DF E8 [00000000]                   	CALL	_io_cli
   156 000000E4 53                              	PUSH	EBX
   157 000000E5 68 000003C8                     	PUSH	968
   158 000000EA E8 [00000000]                   	CALL	_io_out8
   159 000000EF 39 FB                           	CMP	EBX,EDI
   160 000000F1 58                              	POP	EAX
   161 000000F2 5A                              	POP	EDX
   162 000000F3 7E 12                           	JLE	L11
   163 000000F5                                 L13:
   164 000000F5 8B 45 F0                        	MOV	EAX,DWORD [-16+EBP]
   165 000000F8 89 45 08                        	MOV	DWORD [8+EBP],EAX
   166 000000FB 8D 65 F4                        	LEA	ESP,DWORD [-12+EBP]
   167 000000FE 5B                              	POP	EBX
   168 000000FF 5E                              	POP	ESI
   169 00000100 5F                              	POP	EDI
   170 00000101 5D                              	POP	EBP
   171 00000102 E9 [00000000]                   	JMP	_io_store_eflags
   172 00000107                                 L11:
   173 00000107 8A 06                           	MOV	AL,BYTE [ESI]
   174 00000109 43                              	INC	EBX
   175 0000010A C0 E8 02                        	SHR	AL,2
   176 0000010D 0F B6 C0                        	MOVZX	EAX,AL
   177 00000110 50                              	PUSH	EAX
   178 00000111 68 000003C9                     	PUSH	969
   179 00000116 E8 [00000000]                   	CALL	_io_out8
   180 0000011B 8A 46 01                        	MOV	AL,BYTE [1+ESI]
   181 0000011E C0 E8 02                        	SHR	AL,2
   182 00000121 0F B6 C0                        	MOVZX	EAX,AL
   183 00000124 50                              	PUSH	EAX
   184 00000125 68 000003C9                     	PUSH	969
   185 0000012A E8 [00000000]                   	CALL	_io_out8
   186 0000012F 8A 46 02                        	MOV	AL,BYTE [2+ESI]
   187 00000132 C0 E8 02                        	SHR	AL,2
   188 00000135 83 C6 03                        	ADD	ESI,3
   189 00000138 0F B6 C0                        	MOVZX	EAX,AL
   190 0000013B 50                              	PUSH	EAX
   191 0000013C 68 000003C9                     	PUSH	969
   192 00000141 E8 [00000000]                   	CALL	_io_out8
   193 00000146 83 C4 18                        	ADD	ESP,24
   194 00000149 39 FB                           	CMP	EBX,EDI
   195 0000014B 7E BA                           	JLE	L11
   196 0000014D EB A6                           	JMP	L13
   197 0000014F                                 	GLOBAL	_boxfill8
   198 0000014F                                 _boxfill8:
   199 0000014F 55                              	PUSH	EBP
   200 00000150 89 E5                           	MOV	EBP,ESP
   201 00000152 57                              	PUSH	EDI
   202 00000153 56                              	PUSH	ESI
   203 00000154 53                              	PUSH	EBX
   204 00000155 57                              	PUSH	EDI
   205 00000156 57                              	PUSH	EDI
   206 00000157 8A 45 10                        	MOV	AL,BYTE [16+EBP]
   207 0000015A 8B 4D 18                        	MOV	ECX,DWORD [24+EBP]
   208 0000015D 8B 7D 1C                        	MOV	EDI,DWORD [28+EBP]
   209 00000160 88 45 F3                        	MOV	BYTE [-13+EBP],AL
   210 00000163 3B 4D 20                        	CMP	ECX,DWORD [32+EBP]
   211 00000166 7F 31                           	JG	L26
   212 00000168 8B 5D 0C                        	MOV	EBX,DWORD [12+EBP]
   213 0000016B 0F AF D9                        	IMUL	EBX,ECX
   214 0000016E                                 L24:
   215 0000016E 8B 55 14                        	MOV	EDX,DWORD [20+EBP]
   216 00000171 39 FA                           	CMP	EDX,EDI
   217 00000173 7F 1B                           	JG	L28
   218 00000175 8B 75 08                        	MOV	ESI,DWORD [8+EBP]
   219 00000178 01 DE                           	ADD	ESI,EBX
   220 0000017A 01 D6                           	ADD	ESI,EDX
   221 0000017C 89 75 EC                        	MOV	DWORD [-20+EBP],ESI
   222 0000017F                                 L23:
   223 0000017F 8B 75 EC                        	MOV	ESI,DWORD [-20+EBP]
   224 00000182 8A 45 F3                        	MOV	AL,BYTE [-13+EBP]
   225 00000185 42                              	INC	EDX
   226 00000186 88 06                           	MOV	BYTE [ESI],AL
   227 00000188 46                              	INC	ESI
   228 00000189 89 75 EC                        	MOV	DWORD [-20+EBP],ESI
   229 0000018C 39 FA                           	CMP	EDX,EDI
   230 0000018E 7E EF                           	JLE	L23
   231 00000190                                 L28:
   232 00000190 41                              	INC	ECX
   233 00000191 03 5D 0C                        	ADD	EBX,DWORD [12+EBP]
   234 00000194 3B 4D 20                        	CMP	ECX,DWORD [32+EBP]
   235 00000197 7E D5                           	JLE	L24
   236 00000199                                 L26:
   237 00000199 5B                              	POP	EBX
   238 0000019A 5E                              	POP	ESI
   239 0000019B 5B                              	POP	EBX
   240 0000019C 5E                              	POP	ESI
   241 0000019D 5F                              	POP	EDI
   242 0000019E 5D                              	POP	EBP
   243 0000019F C3                              	RET
   244 000001A0                                 	GLOBAL	_init_screen
   245 000001A0                                 _init_screen:
   246 000001A0 55                              	PUSH	EBP
   247 000001A1 89 E5                           	MOV	EBP,ESP
   248 000001A3 57                              	PUSH	EDI
   249 000001A4 56                              	PUSH	ESI
   250 000001A5 53                              	PUSH	EBX
   251 000001A6 83 EC 0C                        	SUB	ESP,12
   252 000001A9 8B 45 10                        	MOV	EAX,DWORD [16+EBP]
   253 000001AC 8B 7D 0C                        	MOV	EDI,DWORD [12+EBP]
   254 000001AF 83 E8 1D                        	SUB	EAX,29
   255 000001B2 4F                              	DEC	EDI
   256 000001B3 50                              	PUSH	EAX
   257 000001B4 57                              	PUSH	EDI
   258 000001B5 6A 00                           	PUSH	0
   259 000001B7 6A 00                           	PUSH	0
   260 000001B9 6A 0E                           	PUSH	14
   261 000001BB FF 75 0C                        	PUSH	DWORD [12+EBP]
   262 000001BE FF 75 08                        	PUSH	DWORD [8+EBP]
   263 000001C1 E8 FFFFFF89                     	CALL	_boxfill8
   264 000001C6 8B 45 10                        	MOV	EAX,DWORD [16+EBP]
   265 000001C9 83 E8 1C                        	SUB	EAX,28
   266 000001CC 50                              	PUSH	EAX
   267 000001CD 57                              	PUSH	EDI
   268 000001CE 50                              	PUSH	EAX
   269 000001CF 6A 00                           	PUSH	0
   270 000001D1 6A 08                           	PUSH	8
   271 000001D3 FF 75 0C                        	PUSH	DWORD [12+EBP]
   272 000001D6 FF 75 08                        	PUSH	DWORD [8+EBP]
   273 000001D9 E8 FFFFFF71                     	CALL	_boxfill8
   274 000001DE 8B 45 10                        	MOV	EAX,DWORD [16+EBP]
   275 000001E1 83 C4 38                        	ADD	ESP,56
   276 000001E4 83 E8 1B                        	SUB	EAX,27
   277 000001E7 50                              	PUSH	EAX
   278 000001E8 57                              	PUSH	EDI
   279 000001E9 50                              	PUSH	EAX
   280 000001EA 6A 00                           	PUSH	0
   281 000001EC 6A 07                           	PUSH	7
   282 000001EE FF 75 0C                        	PUSH	DWORD [12+EBP]
   283 000001F1 FF 75 08                        	PUSH	DWORD [8+EBP]
   284 000001F4 E8 FFFFFF56                     	CALL	_boxfill8
   285 000001F9 8B 45 10                        	MOV	EAX,DWORD [16+EBP]
   286 000001FC 48                              	DEC	EAX
   287 000001FD 50                              	PUSH	EAX
   288 000001FE 8B 45 10                        	MOV	EAX,DWORD [16+EBP]
   289 00000201 57                              	PUSH	EDI
   290 00000202 83 E8 1A                        	SUB	EAX,26
   291 00000205 50                              	PUSH	EAX
   292 00000206 6A 00                           	PUSH	0
   293 00000208 6A 08                           	PUSH	8
   294 0000020A FF 75 0C                        	PUSH	DWORD [12+EBP]
   295 0000020D FF 75 08                        	PUSH	DWORD [8+EBP]
   296 00000210 E8 FFFFFF3A                     	CALL	_boxfill8
   297 00000215 8B 75 10                        	MOV	ESI,DWORD [16+EBP]
   298 00000218 83 C4 38                        	ADD	ESP,56
   299 0000021B 83 EE 18                        	SUB	ESI,24
   300 0000021E 56                              	PUSH	ESI
   301 0000021F 6A 3B                           	PUSH	59
   302 00000221 56                              	PUSH	ESI
   303 00000222 6A 03                           	PUSH	3
   304 00000224 6A 07                           	PUSH	7
   305 00000226 FF 75 0C                        	PUSH	DWORD [12+EBP]
   306 00000229 FF 75 08                        	PUSH	DWORD [8+EBP]
   307 0000022C E8 FFFFFF1E                     	CALL	_boxfill8
   308 00000231 8B 45 10                        	MOV	EAX,DWORD [16+EBP]
   309 00000234 83 E8 04                        	SUB	EAX,4
   310 00000237 50                              	PUSH	EAX
   311 00000238 89 45 F0                        	MOV	DWORD [-16+EBP],EAX
   312 0000023B 6A 02                           	PUSH	2
   313 0000023D 56                              	PUSH	ESI
   314 0000023E 6A 02                           	PUSH	2
   315 00000240 6A 07                           	PUSH	7
   316 00000242 FF 75 0C                        	PUSH	DWORD [12+EBP]
   317 00000245 FF 75 08                        	PUSH	DWORD [8+EBP]
   318 00000248 E8 FFFFFF02                     	CALL	_boxfill8
   319 0000024D 83 C4 38                        	ADD	ESP,56
   320 00000250 FF 75 F0                        	PUSH	DWORD [-16+EBP]
   321 00000253 6A 3B                           	PUSH	59
   322 00000255 FF 75 F0                        	PUSH	DWORD [-16+EBP]
   323 00000258 6A 03                           	PUSH	3
   324 0000025A 6A 0F                           	PUSH	15
   325 0000025C FF 75 0C                        	PUSH	DWORD [12+EBP]
   326 0000025F FF 75 08                        	PUSH	DWORD [8+EBP]
   327 00000262 E8 FFFFFEE8                     	CALL	_boxfill8
   328 00000267 8B 45 10                        	MOV	EAX,DWORD [16+EBP]
   329 0000026A 83 E8 05                        	SUB	EAX,5
   330 0000026D 50                              	PUSH	EAX
   331 0000026E 8B 45 10                        	MOV	EAX,DWORD [16+EBP]
   332 00000271 6A 3B                           	PUSH	59
   333 00000273 83 E8 17                        	SUB	EAX,23
   334 00000276 50                              	PUSH	EAX
   335 00000277 89 45 EC                        	MOV	DWORD [-20+EBP],EAX
   336 0000027A 6A 3B                           	PUSH	59
   337 0000027C 6A 0F                           	PUSH	15
   338 0000027E FF 75 0C                        	PUSH	DWORD [12+EBP]
   339 00000281 FF 75 08                        	PUSH	DWORD [8+EBP]
   340 00000284 E8 FFFFFEC6                     	CALL	_boxfill8
   341 00000289 8B 45 10                        	MOV	EAX,DWORD [16+EBP]
   342 0000028C 83 C4 38                        	ADD	ESP,56
   343 0000028F 83 E8 03                        	SUB	EAX,3
   344 00000292 89 45 E8                        	MOV	DWORD [-24+EBP],EAX
   345 00000295 50                              	PUSH	EAX
   346 00000296 6A 3B                           	PUSH	59
   347 00000298 50                              	PUSH	EAX
   348 00000299 6A 02                           	PUSH	2
   349 0000029B 6A 00                           	PUSH	0
   350 0000029D FF 75 0C                        	PUSH	DWORD [12+EBP]
   351 000002A0 FF 75 08                        	PUSH	DWORD [8+EBP]
   352 000002A3 E8 FFFFFEA7                     	CALL	_boxfill8
   353 000002A8 FF 75 E8                        	PUSH	DWORD [-24+EBP]
   354 000002AB 6A 3C                           	PUSH	60
   355 000002AD 56                              	PUSH	ESI
   356 000002AE 6A 3C                           	PUSH	60
   357 000002B0 6A 00                           	PUSH	0
   358 000002B2 FF 75 0C                        	PUSH	DWORD [12+EBP]
   359 000002B5 FF 75 08                        	PUSH	DWORD [8+EBP]
   360 000002B8 E8 FFFFFE92                     	CALL	_boxfill8
   361 000002BD 8B 7D 0C                        	MOV	EDI,DWORD [12+EBP]
   362 000002C0 83 C4 38                        	ADD	ESP,56
   363 000002C3 8B 5D 0C                        	MOV	EBX,DWORD [12+EBP]
   364 000002C6 83 EB 04                        	SUB	EBX,4
   365 000002C9 83 EF 2F                        	SUB	EDI,47
   366 000002CC 56                              	PUSH	ESI
   367 000002CD 53                              	PUSH	EBX
   368 000002CE 56                              	PUSH	ESI
   369 000002CF 57                              	PUSH	EDI
   370 000002D0 6A 0F                           	PUSH	15
   371 000002D2 FF 75 0C                        	PUSH	DWORD [12+EBP]
   372 000002D5 FF 75 08                        	PUSH	DWORD [8+EBP]
   373 000002D8 E8 FFFFFE72                     	CALL	_boxfill8
   374 000002DD FF 75 F0                        	PUSH	DWORD [-16+EBP]
   375 000002E0 57                              	PUSH	EDI
   376 000002E1 FF 75 EC                        	PUSH	DWORD [-20+EBP]
   377 000002E4 57                              	PUSH	EDI
   378 000002E5 6A 0F                           	PUSH	15
   379 000002E7 FF 75 0C                        	PUSH	DWORD [12+EBP]
   380 000002EA FF 75 08                        	PUSH	DWORD [8+EBP]
   381 000002ED E8 FFFFFE5D                     	CALL	_boxfill8
   382 000002F2 83 C4 38                        	ADD	ESP,56
   383 000002F5 FF 75 E8                        	PUSH	DWORD [-24+EBP]
   384 000002F8 53                              	PUSH	EBX
   385 000002F9 FF 75 E8                        	PUSH	DWORD [-24+EBP]
   386 000002FC 57                              	PUSH	EDI
   387 000002FD 6A 07                           	PUSH	7
   388 000002FF FF 75 0C                        	PUSH	DWORD [12+EBP]
   389 00000302 FF 75 08                        	PUSH	DWORD [8+EBP]
   390 00000305 E8 FFFFFE45                     	CALL	_boxfill8
   391 0000030A 8B 45 0C                        	MOV	EAX,DWORD [12+EBP]
   392 0000030D FF 75 E8                        	PUSH	DWORD [-24+EBP]
   393 00000310 83 E8 03                        	SUB	EAX,3
   394 00000313 50                              	PUSH	EAX
   395 00000314 56                              	PUSH	ESI
   396 00000315 50                              	PUSH	EAX
   397 00000316 6A 07                           	PUSH	7
   398 00000318 FF 75 0C                        	PUSH	DWORD [12+EBP]
   399 0000031B FF 75 08                        	PUSH	DWORD [8+EBP]
   400 0000031E E8 FFFFFE2C                     	CALL	_boxfill8
   401 00000323 8D 65 F4                        	LEA	ESP,DWORD [-12+EBP]
   402 00000326 5B                              	POP	EBX
   403 00000327 5E                              	POP	ESI
   404 00000328 5F                              	POP	EDI
   405 00000329 5D                              	POP	EBP
   406 0000032A C3                              	RET
   407 0000032B                                 	GLOBAL	_putfont8
   408 0000032B                                 _putfont8:
   409 0000032B 55                              	PUSH	EBP
   410 0000032C 89 E5                           	MOV	EBP,ESP
   411 0000032E 57                              	PUSH	EDI
   412 0000032F 56                              	PUSH	ESI
   413 00000330 31 F6                           	XOR	ESI,ESI
   414 00000332 53                              	PUSH	EBX
   415 00000333 8B 7D 1C                        	MOV	EDI,DWORD [28+EBP]
   416 00000336 8A 5D 18                        	MOV	BL,BYTE [24+EBP]
   417 00000339                                 L43:
   418 00000339 8B 45 14                        	MOV	EAX,DWORD [20+EBP]
   419 0000033C 8B 55 10                        	MOV	EDX,DWORD [16+EBP]
   420 0000033F 01 F0                           	ADD	EAX,ESI
   421 00000341 0F AF 45 0C                     	IMUL	EAX,DWORD [12+EBP]
   422 00000345 03 45 08                        	ADD	EAX,DWORD [8+EBP]
   423 00000348 8D 0C 02                        	LEA	ECX,DWORD [EDX+EAX*1]
   424 0000034B 8A 14 3E                        	MOV	DL,BYTE [ESI+EDI*1]
   425 0000034E 84 D2                           	TEST	DL,DL
   426 00000350 79 02                           	JNS	L35
   427 00000352 88 19                           	MOV	BYTE [ECX],BL
   428 00000354                                 L35:
   429 00000354 88 D0                           	MOV	AL,DL
   430 00000356 83 E0 40                        	AND	EAX,64
   431 00000359 84 C0                           	TEST	AL,AL
   432 0000035B 74 03                           	JE	L36
   433 0000035D 88 59 01                        	MOV	BYTE [1+ECX],BL
   434 00000360                                 L36:
   435 00000360 88 D0                           	MOV	AL,DL
   436 00000362 83 E0 20                        	AND	EAX,32
   437 00000365 84 C0                           	TEST	AL,AL
   438 00000367 74 03                           	JE	L37
   439 00000369 88 59 02                        	MOV	BYTE [2+ECX],BL
   440 0000036C                                 L37:
   441 0000036C 88 D0                           	MOV	AL,DL
   442 0000036E 83 E0 10                        	AND	EAX,16
   443 00000371 84 C0                           	TEST	AL,AL
   444 00000373 74 03                           	JE	L38
   445 00000375 88 59 03                        	MOV	BYTE [3+ECX],BL
   446 00000378                                 L38:
   447 00000378 88 D0                           	MOV	AL,DL
   448 0000037A 83 E0 08                        	AND	EAX,8
   449 0000037D 84 C0                           	TEST	AL,AL
   450 0000037F 74 03                           	JE	L39
   451 00000381 88 59 04                        	MOV	BYTE [4+ECX],BL
   452 00000384                                 L39:
   453 00000384 88 D0                           	MOV	AL,DL
   454 00000386 83 E0 04                        	AND	EAX,4
   455 00000389 84 C0                           	TEST	AL,AL
   456 0000038B 74 03                           	JE	L40
   457 0000038D 88 59 05                        	MOV	BYTE [5+ECX],BL
   458 00000390                                 L40:
   459 00000390 88 D0                           	MOV	AL,DL
   460 00000392 83 E0 02                        	AND	EAX,2
   461 00000395 84 C0                           	TEST	AL,AL
   462 00000397 74 03                           	JE	L41
   463 00000399 88 59 06                        	MOV	BYTE [6+ECX],BL
   464 0000039C                                 L41:
   465 0000039C 83 E2 01                        	AND	EDX,1
   466 0000039F 84 D2                           	TEST	DL,DL
   467 000003A1 74 03                           	JE	L33
   468 000003A3 88 59 07                        	MOV	BYTE [7+ECX],BL
   469 000003A6                                 L33:
   470 000003A6 46                              	INC	ESI
   471 000003A7 83 FE 0F                        	CMP	ESI,15
   472 000003AA 7E 8D                           	JLE	L43
   473 000003AC 5B                              	POP	EBX
   474 000003AD 5E                              	POP	ESI
   475 000003AE 5F                              	POP	EDI
   476 000003AF 5D                              	POP	EBP
   477 000003B0 C3                              	RET
   478 000003B1                                 	GLOBAL	_putfont8_asc
   479 000003B1                                 _putfont8_asc:
   480 000003B1 55                              	PUSH	EBP
   481 000003B2 89 E5                           	MOV	EBP,ESP
   482 000003B4 57                              	PUSH	EDI
   483 000003B5 56                              	PUSH	ESI
   484 000003B6 53                              	PUSH	EBX
   485 000003B7 50                              	PUSH	EAX
   486 000003B8 8B 5D 1C                        	MOV	EBX,DWORD [28+EBP]
   487 000003BB 8A 45 18                        	MOV	AL,BYTE [24+EBP]
   488 000003BE 88 45 F3                        	MOV	BYTE [-13+EBP],AL
   489 000003C1 8B 75 10                        	MOV	ESI,DWORD [16+EBP]
   490 000003C4 8B 7D 14                        	MOV	EDI,DWORD [20+EBP]
   491 000003C7 80 3B 00                        	CMP	BYTE [EBX],0
   492 000003CA 75 08                           	JNE	L51
   493 000003CC                                 L53:
   494 000003CC 8D 65 F4                        	LEA	ESP,DWORD [-12+EBP]
   495 000003CF 5B                              	POP	EBX
   496 000003D0 5E                              	POP	ESI
   497 000003D1 5F                              	POP	EDI
   498 000003D2 5D                              	POP	EBP
   499 000003D3 C3                              	RET
   500 000003D4                                 L51:
   501 000003D4 0F B6 03                        	MOVZX	EAX,BYTE [EBX]
   502 000003D7 C1 E0 04                        	SAL	EAX,4
   503 000003DA 43                              	INC	EBX
   504 000003DB 05 [00000000]                   	ADD	EAX,_hankaku
   505 000003E0 50                              	PUSH	EAX
   506 000003E1 0F BE 45 F3                     	MOVSX	EAX,BYTE [-13+EBP]
   507 000003E5 50                              	PUSH	EAX
   508 000003E6 57                              	PUSH	EDI
   509 000003E7 56                              	PUSH	ESI
   510 000003E8 83 C6 08                        	ADD	ESI,8
   511 000003EB FF 75 0C                        	PUSH	DWORD [12+EBP]
   512 000003EE FF 75 08                        	PUSH	DWORD [8+EBP]
   513 000003F1 E8 FFFFFF35                     	CALL	_putfont8
   514 000003F6 83 C4 18                        	ADD	ESP,24
   515 000003F9 80 3B 00                        	CMP	BYTE [EBX],0
   516 000003FC 75 D6                           	JNE	L51
   517 000003FE EB CC                           	JMP	L53
   518                                          [SECTION .data]
   519 00000037                                 _cursor.1:
   520 00000037 2A 2A 2A 2A 2A 2A 2A 2A 2A 2A   	DB	"**************.."
       00000041 2A 2A 2A 2A 2E 2E 
   521 00000047 2A 4F 4F 4F 4F 4F 4F 4F 4F 4F   	DB	"*OOOOOOOOOOO*..."
       00000051 4F 4F 2A 2E 2E 2E 
   522 00000057 2A 4F 4F 4F 4F 4F 4F 4F 4F 4F   	DB	"*OOOOOOOOOO*...."
       00000061 4F 2A 2E 2E 2E 2E 
   523 00000067 2A 4F 4F 4F 4F 4F 4F 4F 4F 4F   	DB	"*OOOOOOOOO*....."
       00000071 2A 2E 2E 2E 2E 2E 
   524 00000077 2A 4F 4F 4F 4F 4F 4F 4F 4F 2A   	DB	"*OOOOOOOO*......"
       00000081 2E 2E 2E 2E 2E 2E 
   525 00000087 2A 4F 4F 4F 4F 4F 4F 4F 2A 2E   	DB	"*OOOOOOO*......."
       00000091 2E 2E 2E 2E 2E 2E 
   526 00000097 2A 4F 4F 4F 4F 4F 4F 4F 2A 2E   	DB	"*OOOOOOO*......."
       000000A1 2E 2E 2E 2E 2E 2E 
   527 000000A7 2A 4F 4F 4F 4F 4F 4F 4F 4F 2A   	DB	"*OOOOOOOO*......"
       000000B1 2E 2E 2E 2E 2E 2E 
   528 000000B7 2A 4F 4F 4F 4F 2A 2A 4F 4F 4F   	DB	"*OOOO**OOO*....."
       000000C1 2A 2E 2E 2E 2E 2E 
   529 000000C7 2A 4F 4F 4F 2A 2E 2E 2A 4F 4F   	DB	"*OOO*..*OOO*...."
       000000D1 4F 2A 2E 2E 2E 2E 
   530 000000D7 2A 4F 4F 2A 2E 2E 2E 2E 2A 4F   	DB	"*OO*....*OOO*..."
       000000E1 4F 4F 2A 2E 2E 2E 
   531 000000E7 2A 4F 2A 2E 2E 2E 2E 2E 2E 2A   	DB	"*O*......*OOO*.."
       000000F1 4F 4F 4F 2A 2E 2E 
   532 000000F7 2A 2A 2E 2E 2E 2E 2E 2E 2E 2E   	DB	"**........*OOO*."
       00000101 2A 4F 4F 4F 2A 2E 
   533 00000107 2A 2E 2E 2E 2E 2E 2E 2E 2E 2E   	DB	"*..........*OOO*"
       00000111 2E 2A 4F 4F 4F 2A 
   534 00000117 2E 2E 2E 2E 2E 2E 2E 2E 2E 2E   	DB	"............*OO*"
       00000121 2E 2E 2A 4F 4F 2A 
   535 00000127 2E 2E 2E 2E 2E 2E 2E 2E 2E 2E   	DB	".............***"
       00000131 2E 2E 2E 2A 2A 2A 
   536                                          [SECTION .text]
   537 00000400                                 	GLOBAL	_init_mouse_cursor8
   538 00000400                                 _init_mouse_cursor8:
   539 00000400 55                              	PUSH	EBP
   540 00000401 89 E5                           	MOV	EBP,ESP
   541 00000403 57                              	PUSH	EDI
   542 00000404 56                              	PUSH	ESI
   543 00000405 31 FF                           	XOR	EDI,EDI
   544 00000407 53                              	PUSH	EBX
   545 00000408 31 DB                           	XOR	EBX,EBX
   546 0000040A 50                              	PUSH	EAX
   547 0000040B 8A 45 0C                        	MOV	AL,BYTE [12+EBP]
   548 0000040E 8B 75 08                        	MOV	ESI,DWORD [8+EBP]
   549 00000411 88 45 F3                        	MOV	BYTE [-13+EBP],AL
   550 00000414                                 L67:
   551 00000414 31 D2                           	XOR	EDX,EDX
   552 00000416                                 L66:
   553 00000416 8D 04 3A                        	LEA	EAX,DWORD [EDX+EDI*1]
   554 00000419 80 B8 [00000037] 2A             	CMP	BYTE [_cursor.1+EAX],42
   555 00000420 74 35                           	JE	L72
   556 00000422                                 L63:
   557 00000422 80 B8 [00000037] 4F             	CMP	BYTE [_cursor.1+EAX],79
   558 00000429 74 26                           	JE	L73
   559 0000042B                                 L64:
   560 0000042B 80 B8 [00000037] 2E             	CMP	BYTE [_cursor.1+EAX],46
   561 00000432 74 15                           	JE	L74
   562 00000434                                 L61:
   563 00000434 42                              	INC	EDX
   564 00000435 83 FA 0F                        	CMP	EDX,15
   565 00000438 7E DC                           	JLE	L66
   566 0000043A 43                              	INC	EBX
   567 0000043B 83 C7 10                        	ADD	EDI,16
   568 0000043E 83 FB 0F                        	CMP	EBX,15
   569 00000441 7E D1                           	JLE	L67
   570 00000443 58                              	POP	EAX
   571 00000444 5B                              	POP	EBX
   572 00000445 5E                              	POP	ESI
   573 00000446 5F                              	POP	EDI
   574 00000447 5D                              	POP	EBP
   575 00000448 C3                              	RET
   576 00000449                                 L74:
   577 00000449 8A 4D F3                        	MOV	CL,BYTE [-13+EBP]
   578 0000044C 88 0C 30                        	MOV	BYTE [EAX+ESI*1],CL
   579 0000044F EB E3                           	JMP	L61
   580 00000451                                 L73:
   581 00000451 C6 04 30 07                     	MOV	BYTE [EAX+ESI*1],7
   582 00000455 EB D4                           	JMP	L64
   583 00000457                                 L72:
   584 00000457 C6 04 30 00                     	MOV	BYTE [EAX+ESI*1],0
   585 0000045B EB C5                           	JMP	L63
   586 0000045D                                 	GLOBAL	_putblock8_8
   587 0000045D                                 _putblock8_8:
   588 0000045D 55                              	PUSH	EBP
   589 0000045E 89 E5                           	MOV	EBP,ESP
   590 00000460 57                              	PUSH	EDI
   591 00000461 56                              	PUSH	ESI
   592 00000462 31 F6                           	XOR	ESI,ESI
   593 00000464 53                              	PUSH	EBX
   594 00000465 83 EC 0C                        	SUB	ESP,12
   595 00000468 3B 75 14                        	CMP	ESI,DWORD [20+EBP]
   596 0000046B 7D 3E                           	JGE	L87
   597 0000046D 31 FF                           	XOR	EDI,EDI
   598 0000046F                                 L85:
   599 0000046F 31 DB                           	XOR	EBX,EBX
   600 00000471 3B 5D 10                        	CMP	EBX,DWORD [16+EBP]
   601 00000474 7D 2C                           	JGE	L89
   602 00000476 8B 45 20                        	MOV	EAX,DWORD [32+EBP]
   603 00000479 01 F8                           	ADD	EAX,EDI
   604 0000047B 89 45 EC                        	MOV	DWORD [-20+EBP],EAX
   605 0000047E                                 L84:
   606 0000047E 8B 45 1C                        	MOV	EAX,DWORD [28+EBP]
   607 00000481 8B 55 18                        	MOV	EDX,DWORD [24+EBP]
   608 00000484 01 F0                           	ADD	EAX,ESI
   609 00000486 01 DA                           	ADD	EDX,EBX
   610 00000488 0F AF 45 0C                     	IMUL	EAX,DWORD [12+EBP]
   611 0000048C 01 D0                           	ADD	EAX,EDX
   612 0000048E 8B 4D 08                        	MOV	ECX,DWORD [8+EBP]
   613 00000491 8B 55 EC                        	MOV	EDX,DWORD [-20+EBP]
   614 00000494 43                              	INC	EBX
   615 00000495 8A 12                           	MOV	DL,BYTE [EDX]
   616 00000497 88 14 08                        	MOV	BYTE [EAX+ECX*1],DL
   617 0000049A FF 45 EC                        	INC	DWORD [-20+EBP]
   618 0000049D 3B 5D 10                        	CMP	EBX,DWORD [16+EBP]
   619 000004A0 7C DC                           	JL	L84
   620 000004A2                                 L89:
   621 000004A2 46                              	INC	ESI
   622 000004A3 03 7D 24                        	ADD	EDI,DWORD [36+EBP]
   623 000004A6 3B 75 14                        	CMP	ESI,DWORD [20+EBP]
   624 000004A9 7C C4                           	JL	L85
   625 000004AB                                 L87:
   626 000004AB 83 C4 0C                        	ADD	ESP,12
   627 000004AE 5B                              	POP	EBX
   628 000004AF 5E                              	POP	ESI
   629 000004B0 5F                              	POP	EDI
   630 000004B1 5D                              	POP	EBP
   631 000004B2 C3                              	RET
   632 000004B3                                 	GLOBAL	_init_getidt
   633 000004B3                                 _init_getidt:
   634 000004B3 55                              	PUSH	EBP
   635 000004B4 89 E5                           	MOV	EBP,ESP
   636 000004B6 56                              	PUSH	ESI
   637 000004B7 53                              	PUSH	EBX
   638 000004B8 BE 00270000                     	MOV	ESI,2555904
   639 000004BD BB 00001FFF                     	MOV	EBX,8191
   640 000004C2                                 L95:
   641 000004C2 6A 00                           	PUSH	0
   642 000004C4 6A 00                           	PUSH	0
   643 000004C6 6A 00                           	PUSH	0
   644 000004C8 56                              	PUSH	ESI
   645 000004C9 83 C6 08                        	ADD	ESI,8
   646 000004CC E8 00000077                     	CALL	_set_segmdesc
   647 000004D1 83 C4 10                        	ADD	ESP,16
   648 000004D4 4B                              	DEC	EBX
   649 000004D5 79 EB                           	JNS	L95
   650 000004D7 68 00004092                     	PUSH	16530
   651 000004DC BB 000000FF                     	MOV	EBX,255
   652 000004E1 6A 00                           	PUSH	0
   653 000004E3 6A FF                           	PUSH	-1
   654 000004E5 68 00270008                     	PUSH	2555912
   655 000004EA E8 00000059                     	CALL	_set_segmdesc
   656 000004EF 68 0000409A                     	PUSH	16538
   657 000004F4 68 00280000                     	PUSH	2621440
   658 000004F9 68 0007FFFF                     	PUSH	524287
   659 000004FE 68 00270010                     	PUSH	2555920
   660 00000503 E8 00000040                     	CALL	_set_segmdesc
   661 00000508 83 C4 20                        	ADD	ESP,32
   662 0000050B 68 00002700                     	PUSH	9984
   663 00000510 68 0000FFFF                     	PUSH	65535
   664 00000515 E8 [00000000]                   	CALL	_load_gdtr
   665 0000051A 58                              	POP	EAX
   666 0000051B 5A                              	POP	EDX
   667 0000051C                                 L100:
   668 0000051C 6A 00                           	PUSH	0
   669 0000051E 6A 00                           	PUSH	0
   670 00000520 6A 00                           	PUSH	0
   671 00000522 68 0026F808                     	PUSH	2553864
   672 00000527 E8 00000066                     	CALL	_set_gatedesc
   673 0000052C 83 C4 10                        	ADD	ESP,16
   674 0000052F 4B                              	DEC	EBX
   675 00000530 79 EA                           	JNS	L100
   676 00000532 68 0026F800                     	PUSH	2553856
   677 00000537 68 000000FF                     	PUSH	255
   678 0000053C E8 [00000000]                   	CALL	_load_idtr
   679 00000541 8D 65 F8                        	LEA	ESP,DWORD [-8+EBP]
   680 00000544 5B                              	POP	EBX
   681 00000545 5E                              	POP	ESI
   682 00000546 5D                              	POP	EBP
   683 00000547 C3                              	RET
   684 00000548                                 	GLOBAL	_set_segmdesc
   685 00000548                                 _set_segmdesc:
   686 00000548 55                              	PUSH	EBP
   687 00000549 89 E5                           	MOV	EBP,ESP
   688 0000054B 53                              	PUSH	EBX
   689 0000054C 8B 55 0C                        	MOV	EDX,DWORD [12+EBP]
   690 0000054F 8B 4D 10                        	MOV	ECX,DWORD [16+EBP]
   691 00000552 8B 5D 08                        	MOV	EBX,DWORD [8+EBP]
   692 00000555 8B 45 14                        	MOV	EAX,DWORD [20+EBP]
   693 00000558 81 FA 000FFFFF                  	CMP	EDX,1048575
   694 0000055E 76 08                           	JBE	L106
   695 00000560 C1 EA 0C                        	SHR	EDX,12
   696 00000563 0D 00008000                     	OR	EAX,32768
   697 00000568                                 L106:
   698 00000568 66 89 13                        	MOV	WORD [EBX],DX
   699 0000056B 88 43 05                        	MOV	BYTE [5+EBX],AL
   700 0000056E C1 EA 10                        	SHR	EDX,16
   701 00000571 C1 F8 08                        	SAR	EAX,8
   702 00000574 83 E2 0F                        	AND	EDX,15
   703 00000577 66 89 4B 02                     	MOV	WORD [2+EBX],CX
   704 0000057B 83 E0 F0                        	AND	EAX,-16
   705 0000057E C1 F9 10                        	SAR	ECX,16
   706 00000581 09 C2                           	OR	EDX,EAX
   707 00000583 88 4B 04                        	MOV	BYTE [4+EBX],CL
   708 00000586 88 53 06                        	MOV	BYTE [6+EBX],DL
   709 00000589 C1 F9 08                        	SAR	ECX,8
   710 0000058C 88 4B 07                        	MOV	BYTE [7+EBX],CL
   711 0000058F 5B                              	POP	EBX
   712 00000590 5D                              	POP	EBP
   713 00000591 C3                              	RET
   714 00000592                                 	GLOBAL	_set_gatedesc
   715 00000592                                 _set_gatedesc:
   716 00000592 55                              	PUSH	EBP
   717 00000593 89 E5                           	MOV	EBP,ESP
   718 00000595 53                              	PUSH	EBX
   719 00000596 8B 55 08                        	MOV	EDX,DWORD [8+EBP]
   720 00000599 8B 45 10                        	MOV	EAX,DWORD [16+EBP]
   721 0000059C 8B 5D 14                        	MOV	EBX,DWORD [20+EBP]
   722 0000059F 8B 4D 0C                        	MOV	ECX,DWORD [12+EBP]
   723 000005A2 66 89 42 02                     	MOV	WORD [2+EDX],AX
   724 000005A6 88 5A 05                        	MOV	BYTE [5+EDX],BL
   725 000005A9 66 89 0A                        	MOV	WORD [EDX],CX
   726 000005AC 89 D8                           	MOV	EAX,EBX
   727 000005AE C1 F8 08                        	SAR	EAX,8
   728 000005B1 C1 F9 10                        	SAR	ECX,16
   729 000005B4 88 42 04                        	MOV	BYTE [4+EDX],AL
   730 000005B7 66 89 4A 06                     	MOV	WORD [6+EDX],CX
   731 000005BB 5B                              	POP	EBX
   732 000005BC 5D                              	POP	EBP
   733 000005BD C3                              	RET
