     1 00000000                                 ; naskfunc
     2 00000000                                 ; TAB=4
     3 00000000                                 
     4 00000000                                 [FORMAT "WCOFF"]        ; オブジェクトファイルを作るモード
     5 00000000                                 [BITS 32]               ; 32ビットモード用の機械語を作らせる
     6 00000000                                 
     7 00000000                                 ; オブジェクトファイルのための情報
     8 00000000                                 
     9 00000000                                 [FILE "naskfunc.nas"]   ; ソースファイル名情報
    10 00000000                                 
    11 00000000                                         GLOBAL  _io_hlt         ; このプログラムに含まれる関数名
    12 00000000                                 
    13 00000000                                 
    14 00000000                                 ; 以下は実際の関数
    15 00000000                                 
    16                                          [SECTION .text]             ; オブジェクトファイルではこれを書いてからプログラムを書く
    17 00000000                                 
    18 00000000                                 _io_hlt:    ; void _io_hlt(void);
    19 00000000                                         HTL
    20 00000000 C3                                      RET
